<?xml version="1.0" encoding="UTF-8"?>
<testsuite name="RulesTest" tests="1" skipped="0" failures="0" errors="0" timestamp="2020-12-12T17:33:29" hostname="DESKTOP-V7B2782" time="1.331">
  <properties/>
  <testcase name="test1" classname="RulesTest" time="1.331"/>
  <system-out><![CDATA[20:33:29.111 [Test worker] INFO org.kie.api.internal.utils.ServiceDiscoveryImpl - Loading kie.conf from  jar:file:/C:/Users/Alexey/.gradle/caches/modules-2/files-2.1/org.drools/drools-compiler/7.20.0.Final/e10adbb09273d780fba685387dd3d75ca17f2c5e/drools-compiler-7.20.0.Final.jar!/META-INF/kie.conf in classloader jdk.internal.loader.ClassLoaders$AppClassLoader@8bcc55f
20:33:29.128 [Test worker] INFO org.kie.api.internal.utils.ServiceDiscoveryImpl - Adding Service org.drools.compiler.kie.builder.impl.KieServicesImpl

20:33:29.133 [Test worker] INFO org.kie.api.internal.utils.ServiceDiscoveryImpl - Adding Service org.drools.compiler.builder.impl.KnowledgeBuilderFactoryServiceImpl

20:33:29.133 [Test worker] INFO org.kie.api.internal.utils.ServiceDiscoveryImpl - Loading kie.conf from  jar:file:/C:/Users/Alexey/.gradle/caches/modules-2/files-2.1/org.drools/drools-core/7.20.0.Final/5f34f6b3c75f939b46e8295aed5a2f4e0c8a93a9/drools-core-7.20.0.Final.jar!/META-INF/kie.conf in classloader jdk.internal.loader.ClassLoaders$AppClassLoader@8bcc55f
20:33:29.135 [Test worker] INFO org.kie.api.internal.utils.ServiceDiscoveryImpl - Adding Service org.drools.core.io.impl.ResourceFactoryServiceImpl

20:33:29.136 [Test worker] INFO org.kie.api.internal.utils.ServiceDiscoveryImpl - Adding Service org.drools.core.marshalling.impl.MarshallerProviderImpl

20:33:29.137 [Test worker] INFO org.kie.api.internal.utils.ServiceDiscoveryImpl - Adding Service org.drools.core.concurrent.ExecutorProviderImpl

20:33:29.138 [Test worker] INFO org.kie.api.internal.utils.ServiceDiscoveryImpl - Loading kie.conf from  jar:file:/C:/Users/Alexey/.gradle/caches/modules-2/files-2.1/org.kie/kie-internal/7.20.0.Final/271973deb7e2334c5bd78b82f8388045f5c4905d/kie-internal-7.20.0.Final.jar!/META-INF/kie.conf in classloader jdk.internal.loader.ClassLoaders$AppClassLoader@8bcc55f
20:33:29.140 [Test worker] INFO org.kie.api.internal.utils.ServiceDiscoveryImpl - Adding Service org.kie.internal.services.KieAssemblersImpl

20:33:29.141 [Test worker] INFO org.kie.api.internal.utils.ServiceDiscoveryImpl - Adding Service org.kie.internal.services.KieRuntimesImpl

20:33:29.143 [Test worker] INFO org.kie.api.internal.utils.ServiceDiscoveryImpl - Adding Service org.kie.internal.services.KieWeaversImpl

20:33:29.144 [Test worker] INFO org.kie.api.internal.utils.ServiceDiscoveryImpl - Adding Service org.kie.internal.services.KieBeliefsImpl

20:33:30.274 [Test worker] DEBUG org.drools.core.common.DefaultAgenda - State was INACTIVE is now FIRING_ALL_RULES
Consumer - Fedor, age - 22
Current plan name - Super efficient
Parameters: gigabyte - 20.0
Minute on the same numbers - 200
Minute on the different numbers - 200
Total cost of your plan - 440.0
20:33:30.339 [Test worker] DEBUG org.drools.core.common.DefaultAgenda - State was FIRING_ALL_RULES is now HALTING
20:33:30.339 [Test worker] DEBUG org.drools.core.common.DefaultAgenda - State was HALTING is now INACTIVE
]]></system-out>
  <system-err><![CDATA[]]></system-err>
</testsuite>
